[2023-10-25 10:10:13 +0000] [55667] [INFO] Parent changed, shutting down: <Worker 55667>
[2023-10-25 10:10:13 +0000] [55667] [INFO] Worker exiting (pid: 55667)
[2023-10-25 10:10:24 +0000] [61286] [INFO] Parent changed, shutting down: <Worker 61286>
[2023-10-25 10:10:24 +0000] [61286] [INFO] Worker exiting (pid: 61286)
[2023-10-25 10:10:39 +0000] [61639] [INFO] Starting gunicorn 21.2.0
[2023-10-25 10:10:39 +0000] [61639] [INFO] Listening at: http://89.33.44.114:8000 (61639)
[2023-10-25 10:10:39 +0000] [61639] [INFO] Using worker: sync
[2023-10-25 10:10:39 +0000] [61640] [INFO] Booting worker with pid: 61640
[2023-10-25 10:10:39 +0000] [61641] [INFO] Booting worker with pid: 61641
[2023-10-25 10:13:55 +0000] [61639] [CRITICAL] WORKER TIMEOUT (pid:61640)
[2023-10-25 10:13:55 +0000] [61640] [INFO] Worker exiting (pid: 61640)
[2023-10-25 10:13:55 +0000] [61639] [ERROR] Worker (pid:61640) exited with code 1
[2023-10-25 10:13:55 +0000] [61639] [ERROR] Worker (pid:61640) exited with code 1.
[2023-10-25 10:13:55 +0000] [61648] [INFO] Booting worker with pid: 61648
[2023-10-25 10:20:47 +0000] [61639] [INFO] Handling signal: term
[2023-10-25 10:20:47 +0000] [61641] [INFO] Worker exiting (pid: 61641)
[2023-10-25 10:20:47 +0000] [61648] [INFO] Worker exiting (pid: 61648)
[2023-10-25 10:20:47 +0000] [61639] [ERROR] Worker (pid:61641) was sent SIGHUP!
[2023-10-25 10:20:47 +0000] [61639] [ERROR] Worker (pid:61648) was sent SIGHUP!
[2023-10-25 10:20:47 +0000] [61639] [INFO] Shutting down: Master
[2023-10-25 10:31:39 +0000] [806] [INFO] Starting gunicorn 20.1.0
[2023-10-25 10:31:39 +0000] [806] [INFO] Listening at: http://89.33.44.114:8000 (806)
[2023-10-25 10:31:39 +0000] [806] [INFO] Using worker: sync
[2023-10-25 10:31:39 +0000] [807] [INFO] Booting worker with pid: 807
[2023-10-25 10:31:39 +0000] [808] [INFO] Booting worker with pid: 808
[2023-10-27 00:54:47 +0000] [806] [CRITICAL] WORKER TIMEOUT (pid:807)
[2023-10-27 00:54:47 +0000] [807] [INFO] Worker exiting (pid: 807)
[2023-10-27 00:54:47 +0000] [11226] [INFO] Booting worker with pid: 11226
[2023-10-27 14:46:09 +0000] [806] [CRITICAL] WORKER TIMEOUT (pid:11226)
[2023-10-27 14:46:09 +0000] [11226] [INFO] Worker exiting (pid: 11226)
[2023-10-27 14:46:09 +0000] [15561] [INFO] Booting worker with pid: 15561
[2023-10-27 21:32:03 +0000] [806] [CRITICAL] WORKER TIMEOUT (pid:15561)
[2023-10-27 21:32:03 +0000] [15561] [INFO] Worker exiting (pid: 15561)
[2023-10-27 21:32:03 +0000] [17636] [INFO] Booting worker with pid: 17636
[2023-10-28 18:41:26 +0000] [806] [CRITICAL] WORKER TIMEOUT (pid:808)
[2023-10-28 18:41:26 +0000] [808] [INFO] Worker exiting (pid: 808)
[2023-10-28 18:41:26 +0000] [27483] [INFO] Booting worker with pid: 27483
[2023-11-01 00:49:04 +0000] [806] [CRITICAL] WORKER TIMEOUT (pid:17636)
[2023-11-01 00:49:04 +0000] [17636] [INFO] Worker exiting (pid: 17636)
[2023-11-01 00:49:04 +0000] [50795] [INFO] Booting worker with pid: 50795
[2023-11-01 00:49:39 +0000] [806] [CRITICAL] WORKER TIMEOUT (pid:27483)
[2023-11-01 00:49:39 +0000] [27483] [INFO] Worker exiting (pid: 27483)
[2023-11-01 00:49:39 +0000] [50799] [INFO] Booting worker with pid: 50799
[2023-11-01 00:50:13 +0000] [806] [CRITICAL] WORKER TIMEOUT (pid:50795)
[2023-11-01 00:50:13 +0000] [50795] [INFO] Worker exiting (pid: 50795)
[2023-11-01 00:50:13 +0000] [50808] [INFO] Booting worker with pid: 50808
[2023-11-01 00:50:48 +0000] [806] [CRITICAL] WORKER TIMEOUT (pid:50799)
[2023-11-01 00:50:48 +0000] [50799] [INFO] Worker exiting (pid: 50799)
[2023-11-01 00:50:48 +0000] [50816] [INFO] Booting worker with pid: 50816
[2023-11-01 00:52:24 +0000] [806] [CRITICAL] WORKER TIMEOUT (pid:50808)
[2023-11-01 00:52:24 +0000] [50808] [INFO] Worker exiting (pid: 50808)
[2023-11-01 00:52:24 +0000] [50832] [INFO] Booting worker with pid: 50832
[2023-11-01 05:19:07 +0000] [806] [CRITICAL] WORKER TIMEOUT (pid:50832)
[2023-11-01 05:19:07 +0000] [50832] [INFO] Worker exiting (pid: 50832)
[2023-11-01 05:19:07 +0000] [53041] [INFO] Booting worker with pid: 53041
[2023-11-01 21:26:23 +0000] [806] [CRITICAL] WORKER TIMEOUT (pid:53041)
[2023-11-01 21:26:23 +0000] [53041] [INFO] Worker exiting (pid: 53041)
[2023-11-01 21:26:24 +0000] [75047] [INFO] Booting worker with pid: 75047
[2023-11-03 15:16:24 +0000] [806] [CRITICAL] WORKER TIMEOUT (pid:75047)
[2023-11-03 15:16:24 +0000] [75047] [INFO] Worker exiting (pid: 75047)
[2023-11-03 15:16:24 +0000] [83868] [INFO] Booting worker with pid: 83868
[2023-11-06 04:43:13 +0000] [806] [CRITICAL] WORKER TIMEOUT (pid:50816)
[2023-11-06 04:43:13 +0000] [50816] [INFO] Worker exiting (pid: 50816)
[2023-11-06 04:43:13 +0000] [103243] [INFO] Booting worker with pid: 103243
[2023-11-06 21:47:27 +0000] [806] [CRITICAL] WORKER TIMEOUT (pid:83868)
[2023-11-06 21:47:27 +0000] [83868] [INFO] Worker exiting (pid: 83868)
[2023-11-06 21:47:27 +0000] [106787] [INFO] Booting worker with pid: 106787
[2023-11-07 10:18:57 +0000] [806] [CRITICAL] WORKER TIMEOUT (pid:103243)
[2023-11-07 10:18:57 +0000] [103243] [INFO] Worker exiting (pid: 103243)
[2023-11-07 10:18:57 +0000] [110403] [INFO] Booting worker with pid: 110403
[2023-11-09 09:06:16 +0000] [806] [CRITICAL] WORKER TIMEOUT (pid:106787)
[2023-11-09 09:06:16 +0000] [106787] [INFO] Worker exiting (pid: 106787)
[2023-11-09 09:06:16 +0000] [130380] [INFO] Booting worker with pid: 130380
[2023-11-09 09:10:02 +0000] [806] [CRITICAL] WORKER TIMEOUT (pid:110403)
[2023-11-09 09:10:02 +0000] [110403] [INFO] Worker exiting (pid: 110403)
[2023-11-09 09:10:02 +0000] [130433] [INFO] Booting worker with pid: 130433
[2023-11-09 10:24:15 +0000] [806] [CRITICAL] WORKER TIMEOUT (pid:130433)
[2023-11-09 10:24:15 +0000] [130433] [INFO] Worker exiting (pid: 130433)
[2023-11-09 10:24:15 +0000] [131727] [INFO] Booting worker with pid: 131727
[2023-11-09 10:27:23 +0000] [806] [CRITICAL] WORKER TIMEOUT (pid:130380)
[2023-11-09 10:27:23 +0000] [130380] [INFO] Worker exiting (pid: 130380)
[2023-11-09 10:27:23 +0000] [131765] [INFO] Booting worker with pid: 131765
[2023-11-09 10:39:09 +0000] [806] [CRITICAL] WORKER TIMEOUT (pid:131727)
[2023-11-09 10:39:09 +0000] [131727] [INFO] Worker exiting (pid: 131727)
[2023-11-09 10:39:09 +0000] [131893] [INFO] Booting worker with pid: 131893
[2023-11-10 18:22:50 +0000] [806] [CRITICAL] WORKER TIMEOUT (pid:131765)
[2023-11-10 18:22:50 +0000] [131765] [INFO] Worker exiting (pid: 131765)
[2023-11-10 18:22:50 +0000] [151726] [INFO] Booting worker with pid: 151726
[2023-11-11 21:46:59 +0000] [806] [CRITICAL] WORKER TIMEOUT (pid:131893)
[2023-11-11 21:46:59 +0000] [131893] [INFO] Worker exiting (pid: 131893)
[2023-11-11 21:46:59 +0000] [165556] [INFO] Booting worker with pid: 165556
[2023-11-15 20:44:02 +0000] [806] [CRITICAL] WORKER TIMEOUT (pid:151726)
[2023-11-15 20:44:02 +0000] [151726] [INFO] Worker exiting (pid: 151726)
[2023-11-15 20:44:02 +0000] [806] [CRITICAL] WORKER TIMEOUT (pid:165556)
[2023-11-15 20:44:02 +0000] [165556] [INFO] Worker exiting (pid: 165556)
[2023-11-15 20:44:03 +0000] [260924] [INFO] Booting worker with pid: 260924
[2023-11-15 20:44:03 +0000] [260925] [INFO] Booting worker with pid: 260925
[2023-11-16 17:35:23 +0000] [806] [CRITICAL] WORKER TIMEOUT (pid:260925)
[2023-11-16 17:35:23 +0000] [260925] [INFO] Worker exiting (pid: 260925)
[2023-11-16 17:35:23 +0000] [272013] [INFO] Booting worker with pid: 272013
[2023-11-16 21:38:28 +0000] [806] [CRITICAL] WORKER TIMEOUT (pid:272013)
[2023-11-16 21:38:28 +0000] [272013] [INFO] Worker exiting (pid: 272013)
[2023-11-16 21:38:28 +0000] [274606] [INFO] Booting worker with pid: 274606
[2023-11-17 01:15:36 +0000] [806] [CRITICAL] WORKER TIMEOUT (pid:260924)
[2023-11-17 01:15:36 +0000] [260924] [INFO] Worker exiting (pid: 260924)
[2023-11-17 01:15:36 +0000] [276799] [INFO] Booting worker with pid: 276799
[2023-11-17 01:16:35 +0000] [806] [CRITICAL] WORKER TIMEOUT (pid:274606)
[2023-11-17 01:16:35 +0000] [274606] [INFO] Worker exiting (pid: 274606)
[2023-11-17 01:16:35 +0000] [276814] [INFO] Booting worker with pid: 276814
[2023-11-17 01:16:41 +0000] [806] [CRITICAL] WORKER TIMEOUT (pid:276799)
[2023-11-17 01:16:41 +0000] [276799] [INFO] Worker exiting (pid: 276799)
[2023-11-17 01:16:41 +0000] [276815] [INFO] Booting worker with pid: 276815
[2023-11-17 19:09:47 +0000] [806] [CRITICAL] WORKER TIMEOUT (pid:276815)
[2023-11-17 19:09:47 +0000] [276815] [INFO] Worker exiting (pid: 276815)
[2023-11-17 19:09:47 +0000] [288954] [INFO] Booting worker with pid: 288954
[2023-11-21 21:45:43 +0000] [806] [CRITICAL] WORKER TIMEOUT (pid:288954)
[2023-11-21 21:45:43 +0000] [288954] [INFO] Worker exiting (pid: 288954)
[2023-11-21 21:45:43 +0000] [379335] [INFO] Booting worker with pid: 379335
[2023-11-22 00:22:28 +0000] [806] [CRITICAL] WORKER TIMEOUT (pid:379335)
[2023-11-22 00:22:28 +0000] [379335] [INFO] Worker exiting (pid: 379335)
[2023-11-22 00:22:28 +0000] [381715] [INFO] Booting worker with pid: 381715
[2023-11-23 03:21:42 +0000] [806] [CRITICAL] WORKER TIMEOUT (pid:381715)
[2023-11-23 03:21:42 +0000] [381715] [INFO] Worker exiting (pid: 381715)
[2023-11-23 03:21:42 +0000] [414758] [INFO] Booting worker with pid: 414758
[2023-11-23 15:57:50 +0000] [806] [CRITICAL] WORKER TIMEOUT (pid:414758)
[2023-11-23 15:57:50 +0000] [414758] [INFO] Worker exiting (pid: 414758)
[2023-11-23 15:57:50 +0000] [437801] [INFO] Booting worker with pid: 437801
[2023-11-24 03:43:22 +0000] [806] [CRITICAL] WORKER TIMEOUT (pid:437801)
[2023-11-24 03:43:22 +0000] [437801] [INFO] Worker exiting (pid: 437801)
[2023-11-24 03:43:22 +0000] [446579] [INFO] Booting worker with pid: 446579
[2023-11-24 03:44:34 +0000] [806] [CRITICAL] WORKER TIMEOUT (pid:276814)
[2023-11-24 03:44:34 +0000] [276814] [INFO] Worker exiting (pid: 276814)
[2023-11-24 03:44:34 +0000] [446593] [INFO] Booting worker with pid: 446593
[2023-11-24 03:59:00 +0000] [806] [CRITICAL] WORKER TIMEOUT (pid:446579)
[2023-11-24 03:59:00 +0000] [446579] [INFO] Worker exiting (pid: 446579)
[2023-11-24 03:59:00 +0000] [446860] [INFO] Booting worker with pid: 446860
[2023-11-24 05:25:48 +0000] [806] [CRITICAL] WORKER TIMEOUT (pid:446593)
[2023-11-24 05:25:48 +0000] [446593] [INFO] Worker exiting (pid: 446593)
[2023-11-24 05:25:48 +0000] [448162] [INFO] Booting worker with pid: 448162
[2023-11-24 05:30:49 +0000] [806] [CRITICAL] WORKER TIMEOUT (pid:446860)
[2023-11-24 05:30:49 +0000] [446860] [INFO] Worker exiting (pid: 446860)
[2023-11-24 05:30:49 +0000] [448259] [INFO] Booting worker with pid: 448259
[2023-11-24 07:44:52 +0000] [806] [CRITICAL] WORKER TIMEOUT (pid:448162)
[2023-11-24 07:44:52 +0000] [448162] [INFO] Worker exiting (pid: 448162)
[2023-11-24 07:44:52 +0000] [450332] [INFO] Booting worker with pid: 450332
[2023-11-24 07:48:52 +0000] [806] [CRITICAL] WORKER TIMEOUT (pid:448259)
[2023-11-24 07:48:52 +0000] [448259] [INFO] Worker exiting (pid: 448259)
[2023-11-24 07:48:53 +0000] [450380] [INFO] Booting worker with pid: 450380
[2023-11-24 08:22:38 +0000] [806] [INFO] Handling signal: term
[2023-11-24 08:22:38 +0000] [450332] [INFO] Worker exiting (pid: 450332)
[2023-11-24 08:22:38 +0000] [806] [WARNING] Worker with pid 450380 was terminated due to signal 1
[2023-11-24 08:22:38 +0000] [806] [WARNING] Worker with pid 450332 was terminated due to signal 15
[2023-11-24 08:22:38 +0000] [806] [INFO] Shutting down: Master
